2020-10-04 17:10:11 INFO  :288 - Clicked
2020-10-04 17:10:12 INFO  :293 - //button[@class='_2AkmmA _29YdH8']Pass Clicked :  Click on popup window
2020-10-04 17:10:12 INFO  :412 - URL Validation
2020-10-04 17:10:12 INFO  :419 - https://www.flipkart.com/ : https://www.flipkart.com/
2020-10-04 17:10:12 INFO  :442 - Get Attribute
2020-10-04 17:10:12 INFO  :447 - The Attribute value is!!!https://img1a.flixcart.com/www/linchpin/fk-cp-zion/img/flipkart-plus_4ee2f9.png
2020-10-04 17:10:12 INFO  :497 - Is Enabled
2020-10-04 17:10:12 INFO  :502 - The button is :: true
2020-10-04 17:10:12 INFO  :509 - Button is enabled
2020-10-04 17:10:12 INFO  :468 - Is Displayed
2020-10-04 17:10:12 INFO  :476 - Element is displayed for : //div[@class='_2aUbKa'] More Button
2020-10-04 17:10:12 INFO  :468 - Is Displayed
2020-10-04 17:10:12 INFO  :476 - Element is displayed for : //span[contains(text(),'Cart')] Cart Button
2020-10-04 17:10:12 INFO  :334 - GET TEXT
2020-10-04 17:10:12 INFO  :339 - Locator : //span[contains(text(),'Electronics')]actual value : Electronics
2020-10-04 17:10:12 INFO  :334 - GET TEXT
2020-10-04 17:10:12 INFO  :339 - Locator : //span[contains(text(),'TVs & Appliances')]actual value : TVs & Appliances
2020-10-04 17:10:12 INFO  :334 - GET TEXT
2020-10-04 17:10:12 INFO  :339 - Locator : //span[contains(text(),'Men')]actual value : Men
2020-10-04 17:10:12 INFO  :334 - GET TEXT
2020-10-04 17:10:12 INFO  :339 - Locator : //span[contains(text(),'Women')]actual value : Women
2020-10-04 17:10:12 INFO  :334 - GET TEXT
2020-10-04 17:10:12 INFO  :339 - Locator : //span[contains(text(),'Baby & Kids')]actual value : Baby & Kids
2020-10-04 17:10:12 INFO  :334 - GET TEXT
2020-10-04 17:10:12 INFO  :339 - Locator : //span[contains(text(),'Home & Furniture')]actual value : Home & Furniture
2020-10-04 17:10:12 INFO  :334 - GET TEXT
2020-10-04 17:10:12 INFO  :339 - Locator : //span[contains(text(),'Sports, Books & More')]actual value : Sports, Books & More
2020-10-04 17:10:12 INFO  :334 - GET TEXT
2020-10-04 17:10:12 INFO  :339 - Locator : //a[contains(text(),'Flights')]actual value : Flights
2020-10-04 17:10:12 INFO  :334 - GET TEXT
2020-10-04 17:10:12 INFO  :339 - Locator : //a[contains(text(),'Offer Zone')]actual value : Offer Zone
2020-10-04 17:10:12 INFO  :198 - Sucessfully Mouse Over & Move The ElementMouseOverMen
2020-10-04 17:10:16 INFO  :288 - Clicked
2020-10-04 17:10:17 INFO  :293 - //a[contains(text(),'Jeans')]Pass Clicked : Clicked On Jeans
2020-10-04 17:10:17 INFO  :359 - Text Validation
2020-10-04 17:10:19 INFO  :334 - GET TEXT
2020-10-04 17:10:19 INFO  :339 - Locator : //h1[@class='_2yAnYN']actual value : Men's Jeans
2020-10-04 17:10:19 INFO  :334 - GET TEXT
2020-10-04 17:10:19 INFO  :339 - Locator : //span[@class='eGD5BM']actual value : (Showing 1 – 40 products of 80,031 products)
2020-10-04 17:10:19 INFO  :334 - GET TEXT
2020-10-04 17:10:20 INFO  :339 - Locator : //div[@class='_3ywJNQ']actual value : Sort By
Popularity
Price -- Low to High
Price -- High to Low
Newest First
2020-10-04 17:10:20 INFO  :288 - Clicked
2020-10-04 17:10:20 INFO  :293 - //div[contains(text(),'Popularity')]Pass Clicked : Clicked On Popularity
2020-10-04 17:10:23 INFO  :288 - Clicked
2020-10-04 17:10:23 INFO  :293 - //div[contains(text(),'Price -- Low to High')]Pass Clicked : Low to High
2020-10-04 17:10:26 INFO  :288 - Clicked
2020-10-04 17:10:26 INFO  :293 - //div[contains(text(),'Price -- High to Low')]Pass Clicked : High to Low
2020-10-04 17:10:29 INFO  :288 - Clicked
2020-10-04 17:10:29 INFO  :293 - //div[@class='_1xHtJz xufquN']Pass Clicked : Newest
2020-10-04 17:10:33 INFO  :288 - Clicked
2020-10-04 17:10:33 INFO  :293 - //a[@class='_3Ep39l']Pass Clicked : Clicked On Login Button
2020-10-04 17:10:33 INFO  :314 - pageLoad
2020-10-04 17:10:33 INFO  :264 - Entering The Data In TextField
2020-10-04 17:10:33 INFO  :269 - Entered Data in Text Field::8578905140
2020-10-04 17:10:33 INFO  :314 - pageLoad
2020-10-04 17:10:33 INFO  :264 - Entering The Data In TextField
2020-10-04 17:10:33 INFO  :269 - Entered Data in Text Field::zikra_78688
2020-10-04 17:10:33 INFO  :314 - pageLoad
2020-10-04 17:10:33 INFO  :288 - Clicked
2020-10-04 17:10:33 INFO  :293 - //button[@class='_2AkmmA _1LctnI _7UHT_c']Pass Clicked : Clicked On Submit Button
2020-10-04 17:10:33 INFO  :412 - URL Validation
2020-10-04 17:10:38 INFO  :198 - Sucessfully Mouse Over & Move The Elementkeep the cursor on Baby & Kids
2020-10-04 17:10:43 INFO  :288 - Clicked
2020-10-04 17:10:44 INFO  :293 - //a[@title='Sport Shoes'][1]Pass Clicked : Clicked On Sport Shoes
2020-10-04 17:11:04 INFO  :288 - Clicked
2020-10-04 17:11:04 INFO  :293 - //button[@class='_2AkmmA _2Npkh4 _2kuvG8 _7UHT_c']Pass Clicked : Buy Now
2020-10-04 17:11:14 INFO  :334 - GET TEXT
2020-10-04 17:11:14 INFO  :339 - Locator : //span[contains(text(),'Order Summary')]actual value : ORDER SUMMARY
2020-10-04 17:11:14 INFO  :468 - Is Displayed
2020-10-04 17:11:14 INFO  :476 - Element is displayed for : //span[contains(text(),'Order Summary')] Order Summary Availabality
2020-10-04 17:11:17 INFO  :334 - GET TEXT
2020-10-04 17:11:17 INFO  :339 - Locator : //div[@class='_3vIvU_']actual value : Extavo Boys & Girls Lace Running Shoes
Size: 11C,Black
Seller: RADHIKASALES
?403?49919% Off2 offers applied
2020-10-04 17:11:17 INFO  :334 - GET TEXT
2020-10-04 17:11:17 INFO  :339 - Locator : //div[@class='bzD9az']actual value : Delivery by Mon Oct 12 | ?40
2020-10-04 17:11:20 INFO  :288 - Clicked
2020-10-04 17:11:20 INFO  :293 - //button[contains(text(),'CONTINUE')]Pass Clicked : Continue
2020-10-04 17:11:23 INFO  :334 - GET TEXT
2020-10-04 17:11:23 INFO  :339 - Locator : //span[contains(text(),'Payment Options')]actual value : PAYMENT OPTIONS
