2020-09-07 11:27:42 INFO  :285 - Clicked
2020-09-07 11:27:46 INFO  :290 - //a[@class='portal-login-btn']Pass Clicked : PORTAL LOGIN BUTTON FIELD
2020-09-07 11:28:16 ERROR :569 - Error While Select Value From visible Text!!!no such element: Unable to locate element: {"method":"xpath","selector":"//select[@id='selUserType']"}
  (Session info: chrome=85.0.4183.83)
For documentation on this error, please visit: https://www.seleniumhq.org/exceptions/no_such_element.html
Build info: version: '3.141.59', revision: 'e82be7d358', time: '2018-11-14T08:17:03'
System info: host: 'AFKAR', ip: '192.168.43.100', os.name: 'Windows 8', os.arch: 'amd64', os.version: '6.2', java.version: '14.0.2'
Driver info: org.openqa.selenium.chrome.ChromeDriver
Capabilities {acceptInsecureCerts: false, browserName: chrome, browserVersion: 85.0.4183.83, chrome: {chromedriverVersion: 85.0.4183.87 (cd6713ebf92fa..., userDataDir: C:\Users\AFKARA~1\AppData\L...}, goog:chromeOptions: {debuggerAddress: localhost:55070}, javascriptEnabled: true, networkConnectionEnabled: false, pageLoadStrategy: normal, platform: WINDOWS, platformName: WINDOWS, proxy: Proxy(), setWindowRect: true, strictFileInteractability: false, timeouts: {implicit: 0, pageLoad: 300000, script: 30000}, unhandledPromptBehavior: dismiss and notify, webauthn:virtualAuthenticators: true}
Session ID: 137e6716b5a79e6f31201ab30d7dceb5
*** Element info: {Using=xpath, value=//select[@id='selUserType']}
2020-09-07 11:28:16 INFO  :229 - Failed Take ScreenShort
2020-09-07 11:28:17 INFO  :240 - PASS failedTakeScreenshortE:\SELENIUM WITH JAVA PRACTICE AGAIN\MavenFramework/reports/screenshort/_selectValueFromVisibleText 07-09-2020 11-28-17.jpg
2020-09-07 11:28:19 INFO  :261 - Entering The Data In TextField
2020-09-07 11:29:30 INFO  :266 - Entered Data in Text Field::dse_2024
2020-09-07 11:29:30 INFO  :261 - Entering The Data In TextField
2020-09-07 11:29:31 INFO  :266 - Entered Data in Text Field::Dse@78688
2020-09-07 11:30:12 INFO  :261 - Entering The Data In TextField
2020-09-07 11:30:13 INFO  :266 - Entered Data in Text Field::14
2020-09-07 11:30:13 INFO  :285 - Clicked
2020-09-07 11:30:13 INFO  :290 - //button[@id='btnSubmit']Pass Clicked : SIGNIN FIELD
2020-09-07 11:30:13 INFO  :406 - URL Validation
2020-09-07 11:30:13 INFO  :331 - GET TEXT
