2020-10-04 00:28:09 INFO  :288 - Clicked
2020-10-04 00:28:09 INFO  :293 - //button[@class='_2AkmmA _29YdH8']Pass Clicked :  Click on popup window
2020-10-04 00:28:09 INFO  :412 - URL Validation
2020-10-04 00:28:09 INFO  :419 - https://www.flipkart.com/ : https://www.flipkart.com/
2020-10-04 00:28:09 INFO  :442 - Get Attribute
2020-10-04 00:28:09 INFO  :447 - The Attribute value is!!!https://img1a.flixcart.com/www/linchpin/fk-cp-zion/img/flipkart-plus_4ee2f9.png
2020-10-04 00:28:09 INFO  :497 - Is Enabled
2020-10-04 00:28:10 INFO  :502 - The button is :: true
2020-10-04 00:28:10 INFO  :509 - Button is enabled
2020-10-04 00:28:10 INFO  :468 - Is Displayed
2020-10-04 00:28:10 INFO  :476 - Element is displayed for : //div[@class='_2aUbKa'] More Button
2020-10-04 00:28:10 INFO  :468 - Is Displayed
2020-10-04 00:28:10 INFO  :476 - Element is displayed for : //span[contains(text(),'Cart')] Cart Button
2020-10-04 00:28:10 INFO  :334 - GET TEXT
2020-10-04 00:28:10 INFO  :339 - Locator : //span[contains(text(),'Electronics')]actual value : Electronics
2020-10-04 00:28:10 INFO  :334 - GET TEXT
2020-10-04 00:28:10 INFO  :339 - Locator : //span[contains(text(),'TVs & Appliances')]actual value : TVs & Appliances
2020-10-04 00:28:10 INFO  :334 - GET TEXT
2020-10-04 00:28:10 INFO  :339 - Locator : //span[contains(text(),'Men')]actual value : Men
2020-10-04 00:28:10 INFO  :334 - GET TEXT
2020-10-04 00:28:10 INFO  :339 - Locator : //span[contains(text(),'Women')]actual value : Women
2020-10-04 00:28:10 INFO  :334 - GET TEXT
2020-10-04 00:28:10 INFO  :339 - Locator : //span[contains(text(),'Baby & Kids')]actual value : Baby & Kids
2020-10-04 00:28:10 INFO  :334 - GET TEXT
2020-10-04 00:28:10 INFO  :339 - Locator : //span[contains(text(),'Home & Furniture')]actual value : Home & Furniture
2020-10-04 00:28:10 INFO  :334 - GET TEXT
2020-10-04 00:28:10 INFO  :339 - Locator : //span[contains(text(),'Sports, Books & More')]actual value : Sports, Books & More
2020-10-04 00:28:10 INFO  :334 - GET TEXT
2020-10-04 00:28:10 INFO  :339 - Locator : //a[contains(text(),'Flights')]actual value : Flights
2020-10-04 00:28:10 INFO  :334 - GET TEXT
2020-10-04 00:28:10 INFO  :339 - Locator : //a[contains(text(),'Offer Zone')]actual value : Offer Zone
2020-10-04 00:28:10 INFO  :198 - Sucessfully Mouse Over & Move The ElementMouseOverMen
2020-10-04 00:28:14 INFO  :288 - Clicked
2020-10-04 00:28:19 INFO  :293 - //a[contains(text(),'Jeans')]Pass Clicked : Clicked On Jeans
2020-10-04 00:28:19 INFO  :359 - Text Validation
2020-10-04 00:28:19 INFO  :334 - GET TEXT
2020-10-04 00:28:19 INFO  :339 - Locator : //h1[@class='_2yAnYN']actual value : Men's Jeans
2020-10-04 00:28:19 INFO  :334 - GET TEXT
2020-10-04 00:28:19 INFO  :339 - Locator : //span[@class='eGD5BM']actual value : (Showing 1 – 40 products of 80,617 products)
2020-10-04 00:28:19 INFO  :334 - GET TEXT
2020-10-04 00:28:19 INFO  :339 - Locator : //div[@class='_3ywJNQ']actual value : Sort By
Popularity
Price -- Low to High
Price -- High to Low
Newest First
2020-10-04 00:28:19 INFO  :288 - Clicked
2020-10-04 00:28:20 INFO  :293 - //div[contains(text(),'Popularity')]Pass Clicked : Clicked On Popularity
2020-10-04 00:28:23 INFO  :288 - Clicked
2020-10-04 00:28:23 INFO  :293 - //div[contains(text(),'Price -- Low to High')]Pass Clicked : Low to High
2020-10-04 00:28:26 INFO  :288 - Clicked
2020-10-04 00:28:26 INFO  :293 - //div[contains(text(),'Price -- High to Low')]Pass Clicked : High to Low
2020-10-04 00:28:29 INFO  :288 - Clicked
2020-10-04 00:28:29 INFO  :293 - //div[@class='_1xHtJz xufquN']Pass Clicked : Newest
2020-10-04 00:28:32 INFO  :288 - Clicked
2020-10-04 00:28:33 INFO  :293 - //a[@class='_3Ep39l']Pass Clicked : Clicked On Login Button
2020-10-04 00:28:33 INFO  :314 - pageLoad
2020-10-04 00:28:33 INFO  :264 - Entering The Data In TextField
2020-10-04 00:28:33 INFO  :269 - Entered Data in Text Field::8578905140
2020-10-04 00:28:33 INFO  :314 - pageLoad
2020-10-04 00:28:33 INFO  :264 - Entering The Data In TextField
2020-10-04 00:28:33 INFO  :269 - Entered Data in Text Field::zikra_78688
2020-10-04 00:28:33 INFO  :314 - pageLoad
2020-10-04 00:28:33 INFO  :288 - Clicked
2020-10-04 00:28:33 INFO  :293 - //button[@class='_2AkmmA _1LctnI _7UHT_c']Pass Clicked : Clicked On Submit Button
2020-10-04 00:28:33 INFO  :412 - URL Validation
2020-10-04 00:28:37 INFO  :198 - Sucessfully Mouse Over & Move The Elementkeep the cursor on Baby & Kids
2020-10-04 00:28:42 INFO  :288 - Clicked
2020-10-04 00:28:42 INFO  :293 - //a[@title='Sport Shoes'][1]Pass Clicked : Clicked On Sport Shoes
2020-10-04 00:29:03 INFO  :288 - Clicked
2020-10-04 00:29:33 ERROR :301 - Error While Clicked!!!no such element: Unable to locate element: {"method":"xpath","selector":"//button[@class='_2AkmmA _2Npkh4 _2kuvG8 _7UHT_c']"}
  (Session info: chrome=85.0.4183.121)
For documentation on this error, please visit: https://www.seleniumhq.org/exceptions/no_such_element.html
Build info: version: '3.141.59', revision: 'e82be7d358', time: '2018-11-14T08:17:03'
System info: host: 'AFKAR', ip: '192.168.43.100', os.name: 'Windows 8', os.arch: 'amd64', os.version: '6.2', java.version: '14.0.2'
Driver info: org.openqa.selenium.chrome.ChromeDriver
Capabilities {acceptInsecureCerts: false, browserName: chrome, browserVersion: 85.0.4183.121, chrome: {chromedriverVersion: 85.0.4183.87 (cd6713ebf92fa..., userDataDir: C:\Users\AFKARA~1\AppData\L...}, goog:chromeOptions: {debuggerAddress: localhost:61597}, javascriptEnabled: true, networkConnectionEnabled: false, pageLoadStrategy: normal, platform: WINDOWS, platformName: WINDOWS, proxy: Proxy(), setWindowRect: true, strictFileInteractability: false, timeouts: {implicit: 0, pageLoad: 300000, script: 30000}, unhandledPromptBehavior: dismiss and notify, webauthn:virtualAuthenticators: true}
Session ID: 497a22b5631ded82e57163958891c2cb
*** Element info: {Using=xpath, value=//button[@class='_2AkmmA _2Npkh4 _2kuvG8 _7UHT_c']}
2020-10-04 00:29:33 INFO  :232 - Failed Take ScreenShort
2020-10-04 00:29:34 INFO  :243 - PASS failedTakeScreenshortE:\SELENIUM WITH JAVA PRACTICE AGAIN\MavenFramework/reports/screenshort/_click 04-10-2020 12-29-33.jpg
