2020-09-27 17:29:19 INFO  :286 - Clicked
2020-09-27 17:29:19 INFO  :291 - //button[@class='_2AkmmA _29YdH8']Pass Clicked :  Click on popup window
2020-09-27 17:29:19 INFO  :410 - URL Validation
2020-09-27 17:29:19 INFO  :417 - https://www.flipkart.com/ : https://www.flipkart.com/
2020-09-27 17:29:19 INFO  :440 - Get Attribute
2020-09-27 17:29:19 INFO  :445 - The Attribute value is!!!https://img1a.flixcart.com/www/linchpin/fk-cp-zion/img/flipkart-plus_4ee2f9.png
2020-09-27 17:29:19 INFO  :495 - Is Enabled
2020-09-27 17:29:19 INFO  :500 - The button is :: true
2020-09-27 17:29:19 INFO  :507 - Button is enabled
2020-09-27 17:29:19 INFO  :466 - Is Displayed
2020-09-27 17:29:19 INFO  :474 - Element is displayed for : //div[@class='_2aUbKa'] More Button
2020-09-27 17:29:19 INFO  :466 - Is Displayed
2020-09-27 17:29:19 INFO  :474 - Element is displayed for : //span[contains(text(),'Cart')] Cart Button
2020-09-27 17:29:19 INFO  :332 - GET TEXT
2020-09-27 17:29:19 INFO  :337 - Locator : //span[contains(text(),'Electronics')]actual value : Electronics
2020-09-27 17:29:19 INFO  :332 - GET TEXT
2020-09-27 17:29:19 INFO  :337 - Locator : //span[contains(text(),'TVs & Appliances')]actual value : TVs & Appliances
2020-09-27 17:29:19 INFO  :332 - GET TEXT
2020-09-27 17:29:19 INFO  :337 - Locator : //span[contains(text(),'Men')]actual value : Men
2020-09-27 17:29:19 INFO  :332 - GET TEXT
2020-09-27 17:29:19 INFO  :337 - Locator : //span[contains(text(),'Women')]actual value : Women
2020-09-27 17:29:19 INFO  :332 - GET TEXT
2020-09-27 17:29:19 INFO  :337 - Locator : //span[contains(text(),'Baby & Kids')]actual value : Baby & Kids
2020-09-27 17:29:19 INFO  :332 - GET TEXT
2020-09-27 17:29:19 INFO  :337 - Locator : //span[contains(text(),'Home & Furniture')]actual value : Home & Furniture
2020-09-27 17:29:19 INFO  :332 - GET TEXT
2020-09-27 17:29:19 INFO  :337 - Locator : //span[contains(text(),'Sports, Books & More')]actual value : Sports, Books & More
2020-09-27 17:29:19 INFO  :332 - GET TEXT
2020-09-27 17:29:19 INFO  :337 - Locator : //a[contains(text(),'Flights')]actual value : Flights
2020-09-27 17:29:19 INFO  :332 - GET TEXT
2020-09-27 17:29:19 INFO  :337 - Locator : //a[contains(text(),'Offer Zone')]actual value : Offer Zone
2020-09-27 17:29:20 INFO  :196 - Sucessfully Mouse Over & Move The ElementMouseOverMen
2020-09-27 17:29:24 INFO  :357 - Text Validation
2020-09-27 17:29:25 INFO  :332 - GET TEXT
2020-09-27 17:29:25 INFO  :337 - Locator : //h1[@class='_2yAnYN']actual value : Men's Jeans
2020-09-27 17:29:25 INFO  :332 - GET TEXT
2020-09-27 17:29:25 INFO  :337 - Locator : //span[@class='eGD5BM']actual value : (Showing 1 – 40 products of 80,086 products)
2020-09-27 17:29:25 INFO  :332 - GET TEXT
2020-09-27 17:29:26 INFO  :337 - Locator : //div[@class='_3ywJNQ']actual value : Sort By
Popularity
Price -- Low to High
Price -- High to Low
Newest First
2020-09-27 17:29:26 INFO  :286 - Clicked
2020-09-27 17:29:26 INFO  :291 - //div[@class='_1xHtJz xufquN']Pass Clicked : Clicked On Popularity
2020-09-27 17:29:29 INFO  :286 - Clicked
2020-09-27 17:29:29 INFO  :291 - //div[@class='_1xHtJz xufquN']Pass Clicked : Low to High
2020-09-27 17:29:32 INFO  :286 - Clicked
2020-09-27 17:29:32 INFO  :291 - //div[@class='_1xHtJz xufquN']Pass Clicked : High to Low
2020-09-27 17:29:35 INFO  :286 - Clicked
2020-09-27 17:29:35 INFO  :291 - //div[@class='_1xHtJz xufquN']Pass Clicked : Newest
